[game4ou.xyz/dicedreamsgiveaway/index.html]
[backblue.gif]
[fade.gif]
[index.html]
[browser.sentry-cdn.com/6.4.1/bundle.min.js]
[www.google-analytics.com/analytics.js]
[d13pxqgp3ixdbh.cloudfront.net/uploads/1627478482380d37a8f3dabd4f8fe2ff13978484da.jpg]
[d13pxqgp3ixdbh.cloudfront.net/uploads/16372670925e4d5840c57b5d241e8e7732ebc522fb.png]
[d13pxqgp3ixdbh.cloudfront.net/uploads/149530084347369f03583b3c25d97bef88a249ffaa.png]
[d13pxqgp3ixdbh.cloudfront.net/uploads/1636471537cc9c306f7c389c185189bf3daf7260c1.png]
[d13pxqgp3ixdbh.cloudfront.net/uploads/16356530149871f3ad26cacfb5ad62be3af4f83078.png]
[d13pxqgp3ixdbh.cloudfront.net/uploads/16356530079192e6f42956c06c93882dc8f2b524f5.png]
[d13pxqgp3ixdbh.cloudfront.net/uploads/16356530209e46ef11b612e6f52b6e6b67f322a7af.png]
[d13pxqgp3ixdbh.cloudfront.net/uploads/163565302671a941e9ac48f19ce1f2ca237332eb50.png]
[d13pxqgp3ixdbh.cloudfront.net/uploads/1636472786ee1905a53e0b903bb72600a288d20d03.png]
[d13pxqgp3ixdbh.cloudfront.net/uploads/1635653021ac61a7aa31f58b94c30339f142fa4242.png]
[d13pxqgp3ixdbh.cloudfront.net/uploads/163542468278c021e06cc778d4aef36f80e47413a2.gif]
[ajax.googleapis.com/ajax/libs/jquery/2.2.4/jquery.min.js]
[d12u7tum9sda5e.cloudfront.net/569dfc1.js]
[game4ou.xyz/dicedreamsgiveaway/index.html]
[game4ou.xyz/dicedreamsgiveaway/customTemplateGlobal.html]
